[13:33:48] [Render thread/INFO] [JMLogger] JourneyMap log initialized.
[13:33:48] [Render thread/INFO] [JourneymapClient] initialize ENTER
[13:33:48] [Render thread/INFO] [ClientAPI] [ClientAPI] built with JourneyMap API 1.9-SNAPSHOT
[13:33:48] [Render thread/INFO] [PluginHelper] Initializing plugins with Client API: journeymap.client.api.impl.ClientAPI
[13:33:48] [Render thread/INFO] [?] Version: JourneyMap 1.20.1-5.10.3, built with forge 1.20.1-47.2.30
forge: 47.4.10
Environment: os.name, os.arch, java.version, user.country, user.language=null, game language=ru_ru, locale=ru_ru
Features: 
	RadarPlayers : singleplayer = true , multiplayer = true
	RadarAnimals : singleplayer = true , multiplayer = true
	RadarMobs : singleplayer = true , multiplayer = true
	RadarVillagers : singleplayer = true , multiplayer = true
	MapTopo : singleplayer = true , multiplayer = true
	MapSurface : singleplayer = true , multiplayer = true
	MapCaves : singleplayer = true , multiplayer = true
	MapBiome : singleplayer = true , multiplayer = true
MiniMapProperties{state=Valid, file=journeymap.minimap.config, configVersion=5.10.3, zoomLevel=0, compassFontScale=1.0, terrainAlpha=100, showEntityNames=true, positionX=0.9, positionY=0.25, effectVertical=false, showPlayerHeading=true, sizePercent=30, playerDisplayScale=1.0, showDayNight=true, showPets=true, preferredMapType=day, showCompass=true, mobDisplay=jm.common.entity_display.dots, systemTimeRealFormat=HH:mm:ss, shape=jm.minimap.shape_circle, showSelf=true, selfDisplayScale=1.0, showGrid=true, reticleOrientation=jm.minimap.orientation.compass, gameTimeRealFormat=HH:mm:ss, effectTranslateX=-685, showWaypoints=true, minimapKeyMovementSpeed=0.001, showAnimals=true, infoSlotAlpha=0.7, effectTranslateY=0, showWaypointLabels=true, moveEffectIcons=true, position=jm.minimap.position_topright, fontScale=1.0, showPlayers=true, waypointIconScale=1.0, frameAlpha=100, effectReversed=false, backgroundAlpha=0.8, enabled=false, showVillagers=true, info2Label=jm.theme.labelsource.gametime, info3Label=jm.theme.labelsource.location, showMobs=true, waypointLabelScale=1.0, showReticle=true, orientation=jm.minimap.orientation.north, info4Label=jm.theme.labelsource.biome, locationFormat=xzyv, playerDisplay=jm.common.entity_display.dots, mobDisplayScale=1.0, showCaves=true, showMobHeading=true, locationFormatVerbose=true, info1Label=jm.theme.labelsource.blank}
MiniMapProperties{state=Valid, file=journeymap.minimap2.config, configVersion=5.10.3, zoomLevel=0, compassFontScale=1.0, terrainAlpha=100, showEntityNames=true, positionX=0.9, positionY=0.25, effectVertical=false, showPlayerHeading=true, sizePercent=30, playerDisplayScale=1.0, showDayNight=true, showPets=true, preferredMapType=day, showCompass=true, mobDisplay=jm.common.entity_display.dots, systemTimeRealFormat=HH:mm:ss, shape=jm.minimap.shape_rectangle, showSelf=true, selfDisplayScale=1.0, showGrid=true, reticleOrientation=jm.minimap.orientation.compass, gameTimeRealFormat=HH:mm:ss, effectTranslateX=-195, showWaypoints=true, minimapKeyMovementSpeed=0.001, showAnimals=true, infoSlotAlpha=0.7, effectTranslateY=0, showWaypointLabels=true, moveEffectIcons=true, position=jm.minimap.position_topright, fontScale=1.0, showPlayers=true, waypointIconScale=1.0, frameAlpha=100, effectReversed=false, backgroundAlpha=0.8, enabled=false, showVillagers=true, info2Label=jm.theme.labelsource.gametime, info3Label=jm.theme.labelsource.location, showMobs=true, waypointLabelScale=1.0, showReticle=true, orientation=jm.minimap.orientation.north, info4Label=jm.theme.labelsource.biome, locationFormat=xzyv, playerDisplay=jm.common.entity_display.dots, mobDisplayScale=1.0, showCaves=true, showMobHeading=true, locationFormatVerbose=true, info1Label=jm.theme.labelsource.blank}
FullMapProperties{state=Valid, file=journeymap.fullmap.config, configVersion=5.10.3, zoomLevel=0, showPlayers=false, waypointIconScale=1.0, showEntityNames=true, showPlayerHeading=true, showVillagers=false, showPlayerLoc=true, showKeys=true, playerDisplayScale=1.0, showMobs=false, showPets=false, waypointLabelScale=1.0, preferredMapType=day, mobDisplay=jm.common.entity_display.dots, showSelf=true, locationFormat=xzyv, playerDisplay=jm.common.entity_display.dots, mobDisplayScale=1.0, selfDisplayScale=1.0, showGrid=false, showMouseLoc=true, showWaypoints=true, showCaves=true, showAnimals=false, showMobHeading=true, showWaypointLabels=true, locationFormatVerbose=true, fontScale=1.0}
WaypointProperties{state=Valid, file=journeymap.waypoint.config, configVersion=5.10.3, autoRemoveDeathpointDistance=2, dateFormat=MM-dd-yyyy, autoRemoveDeathpoints=false, fullscreenDoubleClickToCreate=true, managerDimensionFocus=false, minDistance=4, boldLabel=false, textureSmall=true, showDeathpointlabel=true, beaconEnabled=true, createDeathpoints=false, showName=true, disableStrikeThrough=false, maxDistance=0, autoHideLabel=true, autoRemoveTempWaypoints=2, teleportCommand=/tp {name} {x} {y} {z}, showStaticBeam=true, shaderBeacon=false, timeFormat=HH:mm:ss, showDeviationLabel=false, showDistance=true, showRotatingBeam=true, fontScale=2.0, showTexture=true, managerEnabled=true}
WebMapProperties{state=Valid, file=journeymap.webmap.config, configVersion=5.10.3, port=8080, enabled=false}
CoreProperties{state=Valid, file=journeymap.core.config, configVersion=5.10.3, verboseColorPalette=false, maxPlayersData=32, mapSurfaceAboveCaves=true, dataCachingEnabled=true, optionsManagerViewed=5.10.3, announceMod=true, colorPassive=#bbbbbb, mapBlendWater=false, renderDistanceSurfaceMax=16, seedId=false, radarVerticalDistance=16, mapBlendGrass=true, recordCacheStats=false, hideSneakingEntities=true, revealShape=jm.minimap.shape_circle, mapBiome=true, alwaysMapSurface=false, colorVillager=#88e188, mapPlants=false, colorPet=#0077ff, radarLateralDistance=64, mapBathymetry=false, mapCrops=true, maxMobsData=32, mapPlantShadows=false, alwaysMapCaves=false, checkUpdates=true, mapBlendFoliage=true, hideSpectators=false, mappingEnabled=true, colorPlayer=#ffffff, tileHighDisplayQuality=true, cacheVillagersData=2200, logLevel=INFO, maxVillagersData=32, mapWaterBiomeColors=false, maxAnimalsData=32, mapTransparency=true, caveBlackAsClear=false, tileRenderType=1, caveIgnoreGlass=true, mapTopography=true, renderDistanceCaveMax=0, mapAntialiasing=true, colorSelf=#0000ff, cachePlayersData=2000, cacheMobsData=3000, cachePlayerData=1000, splashViewed=5.10.3, colorHostile=#ff0000, cacheAnimalsData=3100, themeName=Purist, mapCaveLighting=true, renderDelay=0, glErrorChecking=false, autoMapPoll=2000}
[13:33:48] [Render thread/INFO] [JourneymapClient] initialize EXIT, elapsed count 1 avg 346,57ms
[13:33:54] [Render thread/INFO] [JourneymapClient] Journeymap PostInit
[13:33:54] [Render thread/INFO] [ThemeLoader] Preloaded theme textures: 73
[13:33:54] [Render thread/INFO] [JourneymapClient] postInitialize EXIT, elapsed count 1 avg 214,19ms
[13:34:08] [Netty Client IO #0/INFO] [ForgeConfig] Loading JourneyMap Forge Configs
[13:34:10] [Render thread/INFO] [JourneymapClient] World UID is set to: ee834989-4d19-4abf-bf1b-b947fdcb3872
[13:34:10] [Render thread/INFO] [FeatureManager] Feature disabled: MapCaves
[13:34:10] [Render thread/INFO] [FeatureManager] Feature disabled: RadarAnimals
[13:34:10] [Render thread/INFO] [FeatureManager] Feature disabled: RadarMobs
[13:34:10] [Render thread/INFO] [FeatureManager] Feature disabled: RadarPlayers
[13:34:10] [Render thread/INFO] [FeatureManager] Feature disabled: RadarVillagers
[13:34:14] [Render thread/INFO] [ChatLog] JourneyMap: Íŕćěčňĺ [Î].
[13:34:14] [Render thread/INFO] [WaypointStore] Loaded 7 waypoints from C:\Users\ASUS\AppData\Roaming\.minecraft\versions\WARFARE_hard\journeymap\data\mp\~Minecraft_ee834989~4d19~4abf~bf1b~b947fdcb3872\waypoints
[13:34:14] [Render thread/INFO] [JourneymapClient] Mapping started in C:\Users\ASUS\AppData\Roaming\.minecraft\versions\WARFARE_hard\journeymap\data\mp\~Minecraft_ee834989~4d19~4abf~bf1b~b947fdcb3872\overworld. Memory: 6400MB total, 2507MB free 
[13:34:14] [Render thread/INFO] [FeatureManager] Feature disabled: MapCaves
[13:34:14] [Render thread/INFO] [FeatureManager] Feature disabled: RadarAnimals
[13:34:14] [Render thread/INFO] [FeatureManager] Feature disabled: RadarMobs
[13:34:14] [Render thread/INFO] [FeatureManager] Feature disabled: RadarPlayers
[13:34:15] [Render thread/INFO] [FeatureManager] Feature disabled: RadarVillagers
[13:35:24] [Render thread/INFO] [DeathPointHandler] _Alex_3301_ died at BlockPos{x=-594, y=69, z=-307}. Deathpoints enabled: false. Deathpoint created: true
[13:42:38] [Render thread/INFO] [JourneymapClient] Mapping halted in C:\Users\ASUS\AppData\Roaming\.minecraft\versions\WARFARE_hard\journeymap\data\mp\~Minecraft_ee834989~4d19~4abf~bf1b~b947fdcb3872\minecraft:overworld
[13:42:38] [Render thread/INFO] [MappingMonitorTask] World ID has been reset.
[13:42:38] [Render thread/INFO] [JourneymapClient] World UID is set to: null
